<?xml version="1.0" encoding="UTF-8"?>
<!-- Generated by org.testng.reporters.JUnitReportReporter -->
<testsuite hostname="LAPTOP-7GMD68GN" failures="0" tests="1" name="bharatcompany.SeleniumFramework14July.LoginTestFail" time="2.360" errors="0" timestamp="2025-08-31T09:54:38 IST" skipped="0">
  <testcase classname="bharatcompany.SeleniumFramework14July.LoginTestFail" name="logintestfailure" time="2.360"/>
</testsuite> <!-- bharatcompany.SeleniumFramework14July.LoginTestFail -->
