<?xml version="1.0" encoding="UTF-8"?>
<!-- Generated by org.testng.reporters.JUnitReportReporter -->
<testsuite hostname="LAPTOP-7GMD68GN" failures="0" tests="2" name="bharatcompany.SeleniumFramework14July.LoginTest" time="5.504" errors="0" timestamp="2025-08-31T09:54:38 IST" skipped="0">
  <testcase classname="bharatcompany.SeleniumFramework14July.LoginTest" name="loginPageTestusinghashmap" time="2.331"/>
  <testcase classname="bharatcompany.SeleniumFramework14July.LoginTest" name="loginPageTestusinghashmap" time="3.173"/>
</testsuite> <!-- bharatcompany.SeleniumFramework14July.LoginTest -->
